<?xml version="1.0" encoding="UTF-8"?>
<!-- Generated by org.testng.reporters.JUnitXMLReporter -->
<testsuite hostname="EPUALVIW0912" ignored="0" name="Package with subpackages" tests="6" failures="1" timestamp="15 Nov 2017 15:04:43 GMT" time="1.031" errors="0">
  <testcase name="Test1" time="0.253" classname="smartbear.SampleWebServiceTestSuit"/>
  <testcase name="Test2" time="0.147" classname="smartbear.SampleWebServiceTestSuit"/>
  <testcase name="Test3" time="0.132" classname="smartbear.SampleWebServiceTestSuit"/>
  <testcase name="Test4" time="0.137" classname="smartbear.SampleWebServiceTestSuit"/>
  <testcase name="Test5" time="0.147" classname="smartbear.SampleWebServiceTestSuit"/>
  <testcase name="Test6" time="0.153" classname="smartbear.SampleWebServiceTestSuit">
    <failure type="java.lang.AssertionError" message="Actual &amp;apos;X&amp;apos; value isn`t equal to expected expected [6.324555320336759] but found [4.47213595499958]">
      <![CDATA[java.lang.AssertionError: Actual 'X' value isn`t equal to expected expected [6.324555320336759] but found [4.47213595499958]
	at smartbear.SampleWebServiceTestSuit.Test6(SampleWebServiceTestSuit.java:76)
	at java.util.concurrent.ThreadPoolExecutor.runWorker(ThreadPoolExecutor.java:1149)
	at java.util.concurrent.ThreadPoolExecutor$Worker.run(ThreadPoolExecutor.java:624)
	at java.lang.Thread.run(Thread.java:748)
... Removed 14 stack frames]]>
    </failure>
  </testcase> <!-- Test6 -->
</testsuite> <!-- Package with subpackages -->
