<html>
<head>
<title>TestNG:  Package with subpackages</title>
<link href="../testng.css" rel="stylesheet" type="text/css" />
<link href="../my-testng.css" rel="stylesheet" type="text/css" />

<style type="text/css">
.log { display: none;} 
.stack-trace { display: none;} 
</style>
<script type="text/javascript">
<!--
function flip(e) {
  current = e.style.display;
  if (current == 'block') {
    e.style.display = 'none';
    return 0;
  }
  else {
    e.style.display = 'block';
    return 1;
  }
}

function toggleBox(szDivId, elem, msg1, msg2)
{
  var res = -1;  if (document.getElementById) {
    res = flip(document.getElementById(szDivId));
  }
  else if (document.all) {
    // this is the way old msie versions work
    res = flip(document.all[szDivId]);
  }
  if(elem) {
    if(res == 0) elem.innerHTML = msg1; else elem.innerHTML = msg2;
  }

}

function toggleAllBoxes() {
  if (document.getElementsByTagName) {
    d = document.getElementsByTagName('div');
    for (i = 0; i < d.length; i++) {
      if (d[i].className == 'log') {
        flip(d[i]);
      }
    }
  }
}

// -->
</script>

</head>
<body>
<h2 align='center'>Package with subpackages</h2><table border='1' align="center">
<tr>
<td>Tests passed/Failed/Skipped:</td><td>5/1/0</td>
</tr><tr>
<td>Started on:</td><td>Wed Nov 15 17:04:42 EET 2017</td>
</tr>
<tr><td>Total time:</td><td>1 seconds (1031 ms)</td>
</tr><tr>
<td>Included groups:</td><td></td>
</tr><tr>
<td>Excluded groups:</td><td></td>
</tr>
</table><p/>
<small><i>(Hover the method name to see the test class name)</i></small><p/>
<table width='100%' border='1' class='invocation-failed'>
<tr><td colspan='4' align='center'><b>FAILED TESTS</b></td></tr>
<tr><td><b>Test method</b></td>
<td width="30%"><b>Exception</b></td>
<td width="10%"><b>Time (seconds)</b></td>
<td><b>Instance</b></td>
</tr>
<tr>
<td title='smartbear.SampleWebServiceTestSuit.Test6()'><b>Test6</b><br>Test class: smartbear.SampleWebServiceTestSuit</td>
<td><div><pre>java.lang.AssertionError: Actual &apos;X&apos; value isn`t equal to expected expected [6.324555320336759] but found [4.47213595499958]
	at smartbear.SampleWebServiceTestSuit.Test6(SampleWebServiceTestSuit.java:76)
	at java.util.concurrent.ThreadPoolExecutor.runWorker(ThreadPoolExecutor.java:1149)
	at java.util.concurrent.ThreadPoolExecutor$Worker.run(ThreadPoolExecutor.java:624)
	at java.lang.Thread.run(Thread.java:748)
... Removed 14 stack frames</pre></div><a href='#' onClick='toggleBox("stack-trace597912418", this, "Click to show all stack frames", "Click to hide stack frames")'>Click to show all stack frames</a>
<div class='stack-trace' id='stack-trace597912418'><pre>java.lang.AssertionError: Actual &apos;X&apos; value isn`t equal to expected expected [6.324555320336759] but found [4.47213595499958]
	at org.testng.Assert.fail(Assert.java:93)
	at org.testng.Assert.failNotEquals(Assert.java:512)
	at org.testng.Assert.assertEqualsImpl(Assert.java:134)
	at org.testng.Assert.assertEquals(Assert.java:115)
	at smartbear.SampleWebServiceTestSuit.Test6(SampleWebServiceTestSuit.java:76)
	at sun.reflect.NativeMethodAccessorImpl.invoke0(Native Method)
	at sun.reflect.NativeMethodAccessorImpl.invoke(NativeMethodAccessorImpl.java:62)
	at sun.reflect.DelegatingMethodAccessorImpl.invoke(DelegatingMethodAccessorImpl.java:43)
	at java.lang.reflect.Method.invoke(Method.java:498)
	at org.testng.internal.MethodInvocationHelper.invokeMethod(MethodInvocationHelper.java:108)
	at org.testng.internal.Invoker.invokeMethod(Invoker.java:661)
	at org.testng.internal.Invoker.invokeTestMethod(Invoker.java:869)
	at org.testng.internal.Invoker.invokeTestMethods(Invoker.java:1193)
	at org.testng.internal.TestMethodWorker.invokeTestMethods(TestMethodWorker.java:126)
	at org.testng.internal.TestMethodWorker.run(TestMethodWorker.java:109)
	at java.util.concurrent.ThreadPoolExecutor.runWorker(ThreadPoolExecutor.java:1149)
	at java.util.concurrent.ThreadPoolExecutor$Worker.run(ThreadPoolExecutor.java:624)
	at java.lang.Thread.run(Thread.java:748)
</pre></div></td>
<td>0</td>
<td>smartbear.SampleWebServiceTestSuit@b2c5e07</td></tr>
</table><p>
<table width='100%' border='1' class='invocation-passed'>
<tr><td colspan='4' align='center'><b>PASSED TESTS</b></td></tr>
<tr><td><b>Test method</b></td>
<td width="30%"><b>Exception</b></td>
<td width="10%"><b>Time (seconds)</b></td>
<td><b>Instance</b></td>
</tr>
<tr>
<td title='smartbear.SampleWebServiceTestSuit.Test1()'><b>Test1</b><br>Test class: smartbear.SampleWebServiceTestSuit</td>
<td></td>
<td>0</td>
<td>smartbear.SampleWebServiceTestSuit@b2c5e07</td></tr>
<tr>
<td title='smartbear.SampleWebServiceTestSuit.Test2()'><b>Test2</b><br>Test class: smartbear.SampleWebServiceTestSuit</td>
<td></td>
<td>0</td>
<td>smartbear.SampleWebServiceTestSuit@b2c5e07</td></tr>
<tr>
<td title='smartbear.SampleWebServiceTestSuit.Test3()'><b>Test3</b><br>Test class: smartbear.SampleWebServiceTestSuit</td>
<td></td>
<td>0</td>
<td>smartbear.SampleWebServiceTestSuit@b2c5e07</td></tr>
<tr>
<td title='smartbear.SampleWebServiceTestSuit.Test4()'><b>Test4</b><br>Test class: smartbear.SampleWebServiceTestSuit</td>
<td></td>
<td>0</td>
<td>smartbear.SampleWebServiceTestSuit@b2c5e07</td></tr>
<tr>
<td title='smartbear.SampleWebServiceTestSuit.Test5()'><b>Test5</b><br>Test class: smartbear.SampleWebServiceTestSuit</td>
<td></td>
<td>0</td>
<td>smartbear.SampleWebServiceTestSuit@b2c5e07</td></tr>
</table><p>
</body>
</html>