<?xml version="1.0" encoding="UTF-8"?>
<testng-results skipped="0" failed="1" ignored="0" total="6" passed="5">
  <reporter-output>
  </reporter-output>
  <suite name="Test runner" duration-ms="1031" started-at="2017-11-15T15:04:42Z" finished-at="2017-11-15T15:04:43Z">
    <groups>
    </groups>
    <test name="Package with subpackages" duration-ms="1031" started-at="2017-11-15T15:04:42Z" finished-at="2017-11-15T15:04:43Z">
      <class name="smartbear.SampleWebServiceTestSuit">
        <test-method status="PASS" signature="Test1()[pri:0, instance:smartbear.SampleWebServiceTestSuit@b2c5e07]" name="Test1" duration-ms="253" started-at="2017-11-15T17:04:42Z" finished-at="2017-11-15T17:04:42Z">
          <reporter-output>
          </reporter-output>
        </test-method> <!-- Test1 -->
        <test-method status="PASS" signature="Test2()[pri:0, instance:smartbear.SampleWebServiceTestSuit@b2c5e07]" name="Test2" duration-ms="147" started-at="2017-11-15T17:04:42Z" finished-at="2017-11-15T17:04:42Z">
          <reporter-output>
          </reporter-output>
        </test-method> <!-- Test2 -->
        <test-method status="PASS" signature="Test3()[pri:0, instance:smartbear.SampleWebServiceTestSuit@b2c5e07]" name="Test3" duration-ms="132" started-at="2017-11-15T17:04:42Z" finished-at="2017-11-15T17:04:42Z">
          <reporter-output>
          </reporter-output>
        </test-method> <!-- Test3 -->
        <test-method status="PASS" signature="Test4()[pri:0, instance:smartbear.SampleWebServiceTestSuit@b2c5e07]" name="Test4" duration-ms="137" started-at="2017-11-15T17:04:42Z" finished-at="2017-11-15T17:04:43Z">
          <reporter-output>
          </reporter-output>
        </test-method> <!-- Test4 -->
        <test-method status="PASS" signature="Test5()[pri:0, instance:smartbear.SampleWebServiceTestSuit@b2c5e07]" name="Test5" duration-ms="147" started-at="2017-11-15T17:04:43Z" finished-at="2017-11-15T17:04:43Z">
          <reporter-output>
          </reporter-output>
        </test-method> <!-- Test5 -->
        <test-method status="FAIL" signature="Test6()[pri:0, instance:smartbear.SampleWebServiceTestSuit@b2c5e07]" name="Test6" duration-ms="153" started-at="2017-11-15T17:04:43Z" finished-at="2017-11-15T17:04:43Z">
          <exception class="java.lang.AssertionError">
            <message>
              <![CDATA[Actual 'X' value isn`t equal to expected expected [6.324555320336759] but found [4.47213595499958]]]>
            </message>
            <full-stacktrace>
              <![CDATA[java.lang.AssertionError: Actual 'X' value isn`t equal to expected expected [6.324555320336759] but found [4.47213595499958]
	at org.testng.Assert.fail(Assert.java:93)
	at org.testng.Assert.failNotEquals(Assert.java:512)
	at org.testng.Assert.assertEqualsImpl(Assert.java:134)
	at org.testng.Assert.assertEquals(Assert.java:115)
	at smartbear.SampleWebServiceTestSuit.Test6(SampleWebServiceTestSuit.java:76)
	at sun.reflect.NativeMethodAccessorImpl.invoke0(Native Method)
	at sun.reflect.NativeMethodAccessorImpl.invoke(NativeMethodAccessorImpl.java:62)
	at sun.reflect.DelegatingMethodAccessorImpl.invoke(DelegatingMethodAccessorImpl.java:43)
	at java.lang.reflect.Method.invoke(Method.java:498)
	at org.testng.internal.MethodInvocationHelper.invokeMethod(MethodInvocationHelper.java:108)
	at org.testng.internal.Invoker.invokeMethod(Invoker.java:661)
	at org.testng.internal.Invoker.invokeTestMethod(Invoker.java:869)
	at org.testng.internal.Invoker.invokeTestMethods(Invoker.java:1193)
	at org.testng.internal.TestMethodWorker.invokeTestMethods(TestMethodWorker.java:126)
	at org.testng.internal.TestMethodWorker.run(TestMethodWorker.java:109)
	at java.util.concurrent.ThreadPoolExecutor.runWorker(ThreadPoolExecutor.java:1149)
	at java.util.concurrent.ThreadPoolExecutor$Worker.run(ThreadPoolExecutor.java:624)
	at java.lang.Thread.run(Thread.java:748)
]]>
            </full-stacktrace>
          </exception> <!-- java.lang.AssertionError -->
          <reporter-output>
          </reporter-output>
        </test-method> <!-- Test6 -->
      </class> <!-- smartbear.SampleWebServiceTestSuit -->
    </test> <!-- Package with subpackages -->
  </suite> <!-- Test runner -->
</testng-results>
