<?xml version="1.0" encoding="UTF-8"?>
<!-- Generated by org.testng.reporters.JUnitReportReporter -->
<testsuite skipped="0" hostname="EPUALVIW0912" name="smartbear.SampleWebServiceTestSuit" tests="6" failures="1" timestamp="15 Nov 2017 15:04:43 GMT" time="0.969" errors="0">
  <testcase name="Test5" time="0.147" classname="smartbear.SampleWebServiceTestSuit"/>
  <testcase name="Test6" time="0.153" classname="smartbear.SampleWebServiceTestSuit">
    <failure type="java.lang.AssertionError" message="Actual &#039;X&#039; value isn`t equal to expected expected [6.324555320336759] but found [4.47213595499958]">
      <![CDATA[java.lang.AssertionError: Actual 'X' value isn`t equal to expected expected [6.324555320336759] but found [4.47213595499958]
	at org.testng.Assert.fail(Assert.java:93)
	at org.testng.Assert.failNotEquals(Assert.java:512)
	at org.testng.Assert.assertEqualsImpl(Assert.java:134)
	at org.testng.Assert.assertEquals(Assert.java:115)
	at smartbear.SampleWebServiceTestSuit.Test6(SampleWebServiceTestSuit.java:76)
	at sun.reflect.NativeMethodAccessorImpl.invoke0(Native Method)
	at sun.reflect.NativeMethodAccessorImpl.invoke(NativeMethodAccessorImpl.java:62)
	at sun.reflect.DelegatingMethodAccessorImpl.invoke(DelegatingMethodAccessorImpl.java:43)
	at java.lang.reflect.Method.invoke(Method.java:498)
	at org.testng.internal.MethodInvocationHelper.invokeMethod(MethodInvocationHelper.java:108)
	at org.testng.internal.Invoker.invokeMethod(Invoker.java:661)
	at org.testng.internal.Invoker.invokeTestMethod(Invoker.java:869)
	at org.testng.internal.Invoker.invokeTestMethods(Invoker.java:1193)
	at org.testng.internal.TestMethodWorker.invokeTestMethods(TestMethodWorker.java:126)
	at org.testng.internal.TestMethodWorker.run(TestMethodWorker.java:109)
	at java.util.concurrent.ThreadPoolExecutor.runWorker(ThreadPoolExecutor.java:1149)
	at java.util.concurrent.ThreadPoolExecutor$Worker.run(ThreadPoolExecutor.java:624)
	at java.lang.Thread.run(Thread.java:748)
]]>
    </failure>
  </testcase> <!-- Test6 -->
  <testcase name="Test3" time="0.132" classname="smartbear.SampleWebServiceTestSuit"/>
  <testcase name="Test1" time="0.253" classname="smartbear.SampleWebServiceTestSuit"/>
  <testcase name="Test4" time="0.137" classname="smartbear.SampleWebServiceTestSuit"/>
  <testcase name="Test2" time="0.147" classname="smartbear.SampleWebServiceTestSuit"/>
</testsuite> <!-- smartbear.SampleWebServiceTestSuit -->
